Using pre-set license
Built from '2020.3/release' branch; Version is '2020.3.1f1 (77a89f25062f) revision 7841951'; Using compiler version '192528614'; Build Type 'Release'
OS: 'Windows 10 Home; OS build 19043.1826; Version 2009; 64bit' Language: 'en' Physical Memory: 7549 MB
BatchMode: 1, IsHumanControllingUs: 0, StartBugReporterOnCrash: 0, Is64bit: 1, IsPro: 0

 COMMAND LINE ARGUMENTS:
C:\Program Files\Unity\Hub\Editor\2020.3.1f1\Editor\Unity.exe
-adb2
-batchMode
-noUpm
-name
AssetImportWorker1
-projectPath
C:/Users/ranja/Desktop/Unity Projects/ArtificialLifeGame
-logFile
Logs/AssetImportWorker1.log
-srvPort
58106
Successfully changed project path to: C:/Users/ranja/Desktop/Unity Projects/ArtificialLifeGame
C:/Users/ranja/Desktop/Unity Projects/ArtificialLifeGame
Using Asset Import Pipeline V2.
Refreshing native plugins compatible for Editor in 40.16 ms, found 0 plugins.
Preloading 0 native plugins for Editor in 0.00 ms.
Initialize engine version: 2020.3.1f1 (77a89f25062f)
[Subsystems] Discovering subsystems at path C:/Program Files/Unity/Hub/Editor/2020.3.1f1/Editor/Data/Resources/UnitySubsystems
[Subsystems] Discovering subsystems at path C:/Users/ranja/Desktop/Unity Projects/ArtificialLifeGame/Assets
GfxDevice: creating device client; threaded=0
Direct3D:
    Version:  Direct3D 11.0 [level 11.1]
    Renderer: AMD Radeon(TM) Graphics (ID=0x1636)
    Vendor:   
    VRAM:     3774 MB
    Driver:   27.20.11044.4003
Initialize mono
Mono path[0] = 'C:/Program Files/Unity/Hub/Editor/2020.3.1f1/Editor/Data/Managed'
Mono path[1] = 'C:/Program Files/Unity/Hub/Editor/2020.3.1f1/Editor/Data/MonoBleedingEdge/lib/mono/unityjit'
Mono config path = 'C:/Program Files/Unity/Hub/Editor/2020.3.1f1/Editor/Data/MonoBleedingEdge/etc'
Using monoOptions --debugger-agent=transport=dt_socket,embedding=1,server=y,suspend=n,address=127.0.0.1:56036
Begin MonoManager ReloadAssembly
Registering precompiled unity dll's ...
Register platform support module: C:/Program Files/Unity/Hub/Editor/2020.3.1f1/Editor/Data/PlaybackEngines/WebGLSupport/UnityEditor.WebGL.Extensions.dll
Register platform support module: C:/Program Files/Unity/Hub/Editor/2020.3.1f1/Editor/Data/PlaybackEngines/WindowsStandaloneSupport/UnityEditor.WindowsStandalone.Extensions.dll
Registered in 0.002335 seconds.
Native extension for WindowsStandalone target not found
Native extension for WebGL target not found
Refreshing native plugins compatible for Editor in 41.64 ms, found 0 plugins.
Preloading 0 native plugins for Editor in 0.00 ms.
Invoked RoslynAnalysisRunner static constructor.
RoslynAnalysisRunner will not be running.
RoslynAnalysisRunner has terminated.
Mono: successfully reloaded assembly
- Completed reload, in  5.870 seconds
Platform modules already initialized, skipping
Registering precompiled user dll's ...
Registered in 0.002511 seconds.
Begin MonoManager ReloadAssembly
Native extension for WindowsStandalone target not found
Native extension for WebGL target not found
Refreshing native plugins compatible for Editor in 57.94 ms, found 0 plugins.
Preloading 0 native plugins for Editor in 0.00 ms.
Invoked RoslynAnalysisRunner static constructor.
RoslynAnalysisRunner will not be running.
RoslynAnalysisRunner has terminated.
Mono: successfully reloaded assembly
- Completed reload, in  1.120 seconds
Platform modules already initialized, skipping
========================================================================
Worker process is ready to serve import requests
Launched and connected shader compiler UnityShaderCompiler.exe after 0.05 seconds
Refreshing native plugins compatible for Editor in 0.68 ms, found 0 plugins.
Preloading 0 native plugins for Editor in 0.00 ms.
Unloading 1467 Unused Serialized files (Serialized files now loaded: 0)
System memory in use before: 71.4 MB.
System memory in use after: 71.5 MB.

Unloading 14 unused Assets to reduce memory usage. Loaded Objects now: 1917.
Total: 2.689600 ms (FindLiveObjects: 0.350800 ms CreateObjectMapping: 0.115500 ms MarkObjects: 2.119300 ms  DeleteObjects: 0.101500 ms)

========================================================================
Received Import Request.
  path: Assets/Monster/Data/Bat.asset
  artifactKey: Guid(316f29acd671fb542ac20da486ee8228) Importer(815301076,1909f56bfc062723c751e8b465ee728b)
Start importing Assets/Monster/Data/Bat.asset using Guid(316f29acd671fb542ac20da486ee8228) Importer(815301076,1909f56bfc062723c751e8b465ee728b)  -> (artifact id: 'c9631d487cb1838b604a3047ad45cfd2') in 0.131327 seconds
  Import took 0.138616 seconds .

========================================================================
Received Import Request.
  Time since last request: 0.000411 seconds.
  path: Assets/Monster/Data/Bee.asset
  artifactKey: Guid(355d33f5c57f6b04abe2ca4bc4d2aed5) Importer(815301076,1909f56bfc062723c751e8b465ee728b)
Start importing Assets/Monster/Data/Bee.asset using Guid(355d33f5c57f6b04abe2ca4bc4d2aed5) Importer(815301076,1909f56bfc062723c751e8b465ee728b)  -> (artifact id: '943676214fa85853674f3f522653c09d') in 0.011374 seconds
  Import took 0.019706 seconds .

========================================================================
Received Import Request.
  Time since last request: 0.000433 seconds.
  path: Assets/Monster/Data/Alien.asset
  artifactKey: Guid(54a753ccd5b15e340a2c5f181ee75ed0) Importer(815301076,1909f56bfc062723c751e8b465ee728b)
Start importing Assets/Monster/Data/Alien.asset using Guid(54a753ccd5b15e340a2c5f181ee75ed0) Importer(815301076,1909f56bfc062723c751e8b465ee728b)  -> (artifact id: 'b113b5c2325b4fe318d2d4ad6985180c') in 0.014490 seconds
  Import took 0.018417 seconds .

========================================================================
Received Import Request.
  Time since last request: 0.000333 seconds.
  path: Assets/Monster/Data/Cactus.asset
  artifactKey: Guid(55790a3fb43052f45897da0ab558965d) Importer(815301076,1909f56bfc062723c751e8b465ee728b)
Start importing Assets/Monster/Data/Cactus.asset using Guid(55790a3fb43052f45897da0ab558965d) Importer(815301076,1909f56bfc062723c751e8b465ee728b)  -> (artifact id: 'fadb8a08f81a7bd4ec2e64e3ab237dd4') in 0.008431 seconds
  Import took 0.013033 seconds .

========================================================================
Received Import Request.
  Time since last request: 0.000253 seconds.
  path: Assets/Monster/Data/Chicken.asset
  artifactKey: Guid(c90214e5f2f8cf14b94e3cc3b9c2bdf7) Importer(815301076,1909f56bfc062723c751e8b465ee728b)
Start importing Assets/Monster/Data/Chicken.asset using Guid(c90214e5f2f8cf14b94e3cc3b9c2bdf7) Importer(815301076,1909f56bfc062723c751e8b465ee728b)  -> (artifact id: '67e88b07fa67d5f748a4147b873fc031') in 0.034519 seconds
  Import took 0.040503 seconds .

========================================================================
Received Prepare
Registering precompiled user dll's ...
Registered in 0.002727 seconds.
Begin MonoManager ReloadAssembly
Native extension for WindowsStandalone target not found
Native extension for WebGL target not found
Refreshing native plugins compatible for Editor in 0.75 ms, found 0 plugins.
Preloading 0 native plugins for Editor in 0.00 ms.
Invoked RoslynAnalysisRunner static constructor.
RoslynAnalysisRunner will not be running.
RoslynAnalysisRunner has terminated.
Mono: successfully reloaded assembly
- Completed reload, in  1.590 seconds
Platform modules already initialized, skipping
Refreshing native plugins compatible for Editor in 0.47 ms, found 0 plugins.
Preloading 0 native plugins for Editor in 0.00 ms.
Unloading 1460 Unused Serialized files (Serialized files now loaded: 0)
System memory in use before: 71.5 MB.
System memory in use after: 71.5 MB.

Unloading 7 unused Assets to reduce memory usage. Loaded Objects now: 1920.
Total: 4.304500 ms (FindLiveObjects: 0.520800 ms CreateObjectMapping: 0.095400 ms MarkObjects: 3.574900 ms  DeleteObjects: 0.110400 ms)

========================================================================
Received Import Request.
  Time since last request: 40.213495 seconds.
  path: Assets/Scripts/UI
  artifactKey: Guid(f5e226288c57e1442aa04df920726cf3) Importer(815301076,1909f56bfc062723c751e8b465ee728b)
Start importing Assets/Scripts/UI using Guid(f5e226288c57e1442aa04df920726cf3) Importer(815301076,1909f56bfc062723c751e8b465ee728b)  -> (artifact id: 'd2d8165f6ec883e78e563018d3ffbe9d') in 0.015442 seconds
  Import took 0.020383 seconds .

========================================================================
Received Import Request.
  Time since last request: 3.659575 seconds.
  path: Assets/Scripts/UI/Slots.cs
  artifactKey: Guid(b6cd0650d0c6061478bdc1530f3575a1) Importer(815301076,1909f56bfc062723c751e8b465ee728b)
Start importing Assets/Scripts/UI/Slots.cs using Guid(b6cd0650d0c6061478bdc1530f3575a1) Importer(815301076,1909f56bfc062723c751e8b465ee728b)  -> (artifact id: '1c82afb8e5459ada2f8ec66b9b2f6bd8') in 0.022072 seconds
  Import took 0.028805 seconds .

========================================================================
Received Prepare
Registering precompiled user dll's ...
Registered in 0.002747 seconds.
Begin MonoManager ReloadAssembly
Native extension for WindowsStandalone target not found
Native extension for WebGL target not found
Refreshing native plugins compatible for Editor in 0.47 ms, found 0 plugins.
Preloading 0 native plugins for Editor in 0.00 ms.
Invoked RoslynAnalysisRunner static constructor.
RoslynAnalysisRunner will not be running.
RoslynAnalysisRunner has terminated.
Mono: successfully reloaded assembly
- Completed reload, in  1.408 seconds
Platform modules already initialized, skipping
Refreshing native plugins compatible for Editor in 0.54 ms, found 0 plugins.
Preloading 0 native plugins for Editor in 0.00 ms.
Unloading 1461 Unused Serialized files (Serialized files now loaded: 0)
System memory in use before: 71.5 MB.
System memory in use after: 71.6 MB.

Unloading 7 unused Assets to reduce memory usage. Loaded Objects now: 1924.
Total: 3.393700 ms (FindLiveObjects: 0.294800 ms CreateObjectMapping: 0.055800 ms MarkObjects: 2.929900 ms  DeleteObjects: 0.110600 ms)

========================================================================
Received Prepare
Registering precompiled user dll's ...
Registered in 0.002465 seconds.
Begin MonoManager ReloadAssembly
Native extension for WindowsStandalone target not found
Native extension for WebGL target not found
Refreshing native plugins compatible for Editor in 0.66 ms, found 0 plugins.
Preloading 0 native plugins for Editor in 0.00 ms.
Invoked RoslynAnalysisRunner static constructor.
RoslynAnalysisRunner will not be running.
RoslynAnalysisRunner has terminated.
Mono: successfully reloaded assembly
- Completed reload, in  1.584 seconds
Platform modules already initialized, skipping
Refreshing native plugins compatible for Editor in 0.64 ms, found 0 plugins.
Preloading 0 native plugins for Editor in 0.00 ms.
Unloading 1461 Unused Serialized files (Serialized files now loaded: 0)
System memory in use before: 71.5 MB.
System memory in use after: 71.6 MB.

Unloading 7 unused Assets to reduce memory usage. Loaded Objects now: 1927.
Total: 4.484800 ms (FindLiveObjects: 0.521300 ms CreateObjectMapping: 0.134400 ms MarkObjects: 3.713400 ms  DeleteObjects: 0.113300 ms)

========================================================================
Received Prepare
Registering precompiled user dll's ...
Registered in 0.002611 seconds.
Begin MonoManager ReloadAssembly
Native extension for WindowsStandalone target not found
Native extension for WebGL target not found
Refreshing native plugins compatible for Editor in 0.66 ms, found 0 plugins.
Preloading 0 native plugins for Editor in 0.00 ms.
Invoked RoslynAnalysisRunner static constructor.
RoslynAnalysisRunner will not be running.
RoslynAnalysisRunner has terminated.
Mono: successfully reloaded assembly
- Completed reload, in  1.425 seconds
Platform modules already initialized, skipping
Refreshing native plugins compatible for Editor in 0.65 ms, found 0 plugins.
Preloading 0 native plugins for Editor in 0.00 ms.
Unloading 1461 Unused Serialized files (Serialized files now loaded: 0)
System memory in use before: 71.6 MB.
System memory in use after: 71.6 MB.

Unloading 7 unused Assets to reduce memory usage. Loaded Objects now: 1930.
Total: 4.498300 ms (FindLiveObjects: 0.409400 ms CreateObjectMapping: 0.096900 ms MarkObjects: 3.865300 ms  DeleteObjects: 0.123200 ms)

========================================================================
Received Prepare
Registering precompiled user dll's ...
Registered in 0.001684 seconds.
Begin MonoManager ReloadAssembly
Native extension for WindowsStandalone target not found
Native extension for WebGL target not found
Refreshing native plugins compatible for Editor in 0.48 ms, found 0 plugins.
Preloading 0 native plugins for Editor in 0.00 ms.
Invoked RoslynAnalysisRunner static constructor.
RoslynAnalysisRunner will not be running.
RoslynAnalysisRunner has terminated.
Mono: successfully reloaded assembly
- Completed reload, in  1.457 seconds
Platform modules already initialized, skipping
Refreshing native plugins compatible for Editor in 0.50 ms, found 0 plugins.
Preloading 0 native plugins for Editor in 0.00 ms.
Unloading 1461 Unused Serialized files (Serialized files now loaded: 0)
System memory in use before: 71.6 MB.
System memory in use after: 71.6 MB.

Unloading 7 unused Assets to reduce memory usage. Loaded Objects now: 1933.
Total: 4.438900 ms (FindLiveObjects: 0.521200 ms CreateObjectMapping: 0.101200 ms MarkObjects: 3.734300 ms  DeleteObjects: 0.079800 ms)

========================================================================
Received Prepare
Registering precompiled user dll's ...
Registered in 0.002291 seconds.
Begin MonoManager ReloadAssembly
Native extension for WindowsStandalone target not found
Native extension for WebGL target not found
Refreshing native plugins compatible for Editor in 0.47 ms, found 0 plugins.
Preloading 0 native plugins for Editor in 0.00 ms.
Invoked RoslynAnalysisRunner static constructor.
RoslynAnalysisRunner will not be running.
RoslynAnalysisRunner has terminated.
Mono: successfully reloaded assembly
- Completed reload, in  1.372 seconds
Platform modules already initialized, skipping
Refreshing native plugins compatible for Editor in 0.48 ms, found 0 plugins.
Preloading 0 native plugins for Editor in 0.00 ms.
Unloading 1461 Unused Serialized files (Serialized files now loaded: 0)
System memory in use before: 71.6 MB.
System memory in use after: 71.7 MB.

Unloading 7 unused Assets to reduce memory usage. Loaded Objects now: 1936.
Total: 3.285300 ms (FindLiveObjects: 0.335900 ms CreateObjectMapping: 0.061800 ms MarkObjects: 2.799700 ms  DeleteObjects: 0.086200 ms)

========================================================================
Received Prepare
Registering precompiled user dll's ...
Registered in 0.002508 seconds.
Begin MonoManager ReloadAssembly
Native extension for WindowsStandalone target not found
Native extension for WebGL target not found
Refreshing native plugins compatible for Editor in 0.51 ms, found 0 plugins.
Preloading 0 native plugins for Editor in 0.00 ms.
Invoked RoslynAnalysisRunner static constructor.
RoslynAnalysisRunner will not be running.
RoslynAnalysisRunner has terminated.
Mono: successfully reloaded assembly
- Completed reload, in  1.423 seconds
Platform modules already initialized, skipping
Refreshing native plugins compatible for Editor in 0.48 ms, found 0 plugins.
Preloading 0 native plugins for Editor in 0.00 ms.
Unloading 1461 Unused Serialized files (Serialized files now loaded: 0)
System memory in use before: 71.6 MB.
System memory in use after: 71.7 MB.

Unloading 7 unused Assets to reduce memory usage. Loaded Objects now: 1939.
Total: 3.885900 ms (FindLiveObjects: 0.598800 ms CreateObjectMapping: 0.097000 ms MarkObjects: 3.105300 ms  DeleteObjects: 0.081800 ms)

========================================================================
Received Prepare
Registering precompiled user dll's ...
Registered in 0.002831 seconds.
Begin MonoManager ReloadAssembly
Native extension for WindowsStandalone target not found
Native extension for WebGL target not found
Refreshing native plugins compatible for Editor in 0.71 ms, found 0 plugins.
Preloading 0 native plugins for Editor in 0.00 ms.
Invoked RoslynAnalysisRunner static constructor.
RoslynAnalysisRunner will not be running.
RoslynAnalysisRunner has terminated.
Mono: successfully reloaded assembly
- Completed reload, in  1.425 seconds
Platform modules already initialized, skipping
Refreshing native plugins compatible for Editor in 0.77 ms, found 0 plugins.
Preloading 0 native plugins for Editor in 0.00 ms.
Unloading 1461 Unused Serialized files (Serialized files now loaded: 0)
System memory in use before: 71.6 MB.
System memory in use after: 71.7 MB.

Unloading 7 unused Assets to reduce memory usage. Loaded Objects now: 1942.
Total: 4.174800 ms (FindLiveObjects: 0.368200 ms CreateObjectMapping: 0.076200 ms MarkObjects: 3.643500 ms  DeleteObjects: 0.084800 ms)

========================================================================
Received Prepare
Registering precompiled user dll's ...
Registered in 0.002232 seconds.
Begin MonoManager ReloadAssembly
Native extension for WindowsStandalone target not found
Native extension for WebGL target not found
Refreshing native plugins compatible for Editor in 0.51 ms, found 0 plugins.
Preloading 0 native plugins for Editor in 0.00 ms.
Invoked RoslynAnalysisRunner static constructor.
RoslynAnalysisRunner will not be running.
RoslynAnalysisRunner has terminated.
Mono: successfully reloaded assembly
- Completed reload, in  1.344 seconds
Platform modules already initialized, skipping
Refreshing native plugins compatible for Editor in 0.50 ms, found 0 plugins.
Preloading 0 native plugins for Editor in 0.00 ms.
Unloading 1461 Unused Serialized files (Serialized files now loaded: 0)
System memory in use before: 71.6 MB.
System memory in use after: 71.7 MB.

Unloading 7 unused Assets to reduce memory usage. Loaded Objects now: 1945.
Total: 3.334200 ms (FindLiveObjects: 0.376000 ms CreateObjectMapping: 0.103400 ms MarkObjects: 2.768100 ms  DeleteObjects: 0.084600 ms)

========================================================================
Received Import Request.
  Time since last request: 780.146606 seconds.
  path: Assets/Monster/Data/Alien.asset
  artifactKey: Guid(54a753ccd5b15e340a2c5f181ee75ed0) Importer(815301076,1909f56bfc062723c751e8b465ee728b)
Start importing Assets/Monster/Data/Alien.asset using Guid(54a753ccd5b15e340a2c5f181ee75ed0) Importer(815301076,1909f56bfc062723c751e8b465ee728b)  -> (artifact id: 'eeaef8239ccb8d0f4b41e17ab58d7fbb') in 0.023286 seconds
  Import took 0.027685 seconds .

========================================================================
Received Import Request.
  Time since last request: 0.000301 seconds.
  path: Assets/Monster/Data/Bat.asset
  artifactKey: Guid(316f29acd671fb542ac20da486ee8228) Importer(815301076,1909f56bfc062723c751e8b465ee728b)
Start importing Assets/Monster/Data/Bat.asset using Guid(316f29acd671fb542ac20da486ee8228) Importer(815301076,1909f56bfc062723c751e8b465ee728b)  -> (artifact id: '4dbfe30223393d7a7c2f72e1ed1df0a7') in 0.006052 seconds
  Import took 0.009989 seconds .

========================================================================
Received Import Request.
  Time since last request: 0.000260 seconds.
  path: Assets/Monster/Data/Alien_Tall.asset
  artifactKey: Guid(08458b098421c254ca289f6ec17641cb) Importer(815301076,1909f56bfc062723c751e8b465ee728b)
Start importing Assets/Monster/Data/Alien_Tall.asset using Guid(08458b098421c254ca289f6ec17641cb) Importer(815301076,1909f56bfc062723c751e8b465ee728b)  -> (artifact id: '7733ae9e91e906772269ae4e23973fe5') in 0.016714 seconds
  Import took 0.021028 seconds .

========================================================================
Received Import Request.
  Time since last request: 0.000351 seconds.
  path: Assets/Monster/Data/Bee.asset
  artifactKey: Guid(355d33f5c57f6b04abe2ca4bc4d2aed5) Importer(815301076,1909f56bfc062723c751e8b465ee728b)
Start importing Assets/Monster/Data/Bee.asset using Guid(355d33f5c57f6b04abe2ca4bc4d2aed5) Importer(815301076,1909f56bfc062723c751e8b465ee728b)  -> (artifact id: '966ad9ac0b2554d1a65e9c3eb22105d1') in 0.007621 seconds
  Import took 0.012069 seconds .

========================================================================
Received Import Request.
  Time since last request: 0.000371 seconds.
  path: Assets/Monster/Data/Cactus.asset
  artifactKey: Guid(55790a3fb43052f45897da0ab558965d) Importer(815301076,1909f56bfc062723c751e8b465ee728b)
Start importing Assets/Monster/Data/Cactus.asset using Guid(55790a3fb43052f45897da0ab558965d) Importer(815301076,1909f56bfc062723c751e8b465ee728b)  -> (artifact id: '355d4f9ee57a9040948070aa96c97700') in 0.008612 seconds
  Import took 0.014952 seconds .

========================================================================
Received Import Request.
  Time since last request: 0.000354 seconds.
  path: Assets/Monster/Data/Chicken.asset
  artifactKey: Guid(c90214e5f2f8cf14b94e3cc3b9c2bdf7) Importer(815301076,1909f56bfc062723c751e8b465ee728b)
Start importing Assets/Monster/Data/Chicken.asset using Guid(c90214e5f2f8cf14b94e3cc3b9c2bdf7) Importer(815301076,1909f56bfc062723c751e8b465ee728b)  -> (artifact id: '8cb1d22701c3e0a088ab3840eed1934d') in 0.009631 seconds
  Import took 0.014706 seconds .

AssetImportWorkerClient::OnTransportError - code=2 error=End of file
