Using pre-set license
Built from '2020.3/release' branch; Version is '2020.3.1f1 (77a89f25062f) revision 7841951'; Using compiler version '192528614'; Build Type 'Release'
OS: 'Windows 10 Home; OS build 19043.1826; Version 2009; 64bit' Language: 'en' Physical Memory: 7549 MB
BatchMode: 1, IsHumanControllingUs: 0, StartBugReporterOnCrash: 0, Is64bit: 1, IsPro: 0

 COMMAND LINE ARGUMENTS:
C:\Program Files\Unity\Hub\Editor\2020.3.1f1\Editor\Unity.exe
-adb2
-batchMode
-noUpm
-name
AssetImportWorker0
-projectPath
C:/Users/ranja/Desktop/Unity Projects/ArtificialLifeGame
-logFile
Logs/AssetImportWorker0.log
-srvPort
52679
Successfully changed project path to: C:/Users/ranja/Desktop/Unity Projects/ArtificialLifeGame
C:/Users/ranja/Desktop/Unity Projects/ArtificialLifeGame
Using Asset Import Pipeline V2.
Refreshing native plugins compatible for Editor in 60.86 ms, found 0 plugins.
Preloading 0 native plugins for Editor in 0.00 ms.
Initialize engine version: 2020.3.1f1 (77a89f25062f)
[Subsystems] Discovering subsystems at path C:/Program Files/Unity/Hub/Editor/2020.3.1f1/Editor/Data/Resources/UnitySubsystems
[Subsystems] Discovering subsystems at path C:/Users/ranja/Desktop/Unity Projects/ArtificialLifeGame/Assets
GfxDevice: creating device client; threaded=0
Direct3D:
    Version:  Direct3D 11.0 [level 11.1]
    Renderer: AMD Radeon(TM) Graphics (ID=0x1636)
    Vendor:   
    VRAM:     3774 MB
    Driver:   27.20.11044.4003
Initialize mono
Mono path[0] = 'C:/Program Files/Unity/Hub/Editor/2020.3.1f1/Editor/Data/Managed'
Mono path[1] = 'C:/Program Files/Unity/Hub/Editor/2020.3.1f1/Editor/Data/MonoBleedingEdge/lib/mono/unityjit'
Mono config path = 'C:/Program Files/Unity/Hub/Editor/2020.3.1f1/Editor/Data/MonoBleedingEdge/etc'
Using monoOptions --debugger-agent=transport=dt_socket,embedding=1,server=y,suspend=n,address=127.0.0.1:56572
Begin MonoManager ReloadAssembly
Registering precompiled unity dll's ...
Register platform support module: C:/Program Files/Unity/Hub/Editor/2020.3.1f1/Editor/Data/PlaybackEngines/WebGLSupport/UnityEditor.WebGL.Extensions.dll
Register platform support module: C:/Program Files/Unity/Hub/Editor/2020.3.1f1/Editor/Data/PlaybackEngines/WindowsStandaloneSupport/UnityEditor.WindowsStandalone.Extensions.dll
Registered in 0.003186 seconds.
Native extension for WindowsStandalone target not found
Native extension for WebGL target not found
Refreshing native plugins compatible for Editor in 60.35 ms, found 0 plugins.
Preloading 0 native plugins for Editor in 0.00 ms.
Invoked RoslynAnalysisRunner static constructor.
RoslynAnalysisRunner will not be running.
RoslynAnalysisRunner has terminated.
Mono: successfully reloaded assembly
- Completed reload, in  2.053 seconds
Platform modules already initialized, skipping
Registering precompiled user dll's ...
Registered in 0.001772 seconds.
Begin MonoManager ReloadAssembly
Native extension for WindowsStandalone target not found
Native extension for WebGL target not found
Refreshing native plugins compatible for Editor in 57.49 ms, found 0 plugins.
Preloading 0 native plugins for Editor in 0.00 ms.
Invoked RoslynAnalysisRunner static constructor.
RoslynAnalysisRunner will not be running.
RoslynAnalysisRunner has terminated.
Mono: successfully reloaded assembly
- Completed reload, in  1.414 seconds
Platform modules already initialized, skipping
========================================================================
Worker process is ready to serve import requests
Launched and connected shader compiler UnityShaderCompiler.exe after 0.14 seconds
Refreshing native plugins compatible for Editor in 0.83 ms, found 0 plugins.
Preloading 0 native plugins for Editor in 0.00 ms.
Unloading 1658 Unused Serialized files (Serialized files now loaded: 0)
System memory in use before: 77.6 MB.
System memory in use after: 77.7 MB.

Unloading 15 unused Assets to reduce memory usage. Loaded Objects now: 2108.
Total: 4.967700 ms (FindLiveObjects: 0.594100 ms CreateObjectMapping: 0.192600 ms MarkObjects: 4.013500 ms  DeleteObjects: 0.164100 ms)

========================================================================
Received Import Request.
  path: Assets/Scenes
  artifactKey: Guid(f0259f4c5e733d74abf3f5fed43df245) Importer(815301076,1909f56bfc062723c751e8b465ee728b)
Start importing Assets/Scenes using Guid(f0259f4c5e733d74abf3f5fed43df245) Importer(815301076,1909f56bfc062723c751e8b465ee728b)  -> (artifact id: '9c466a1e82fc27569aee007b587c545e') in 0.014497 seconds
  Import took 0.058082 seconds .

========================================================================
Received Import Request.
  Time since last request: 7.280496 seconds.
  path: Assets/Scenes
  artifactKey: Guid(f0259f4c5e733d74abf3f5fed43df245) Importer(815301076,1909f56bfc062723c751e8b465ee728b)
Start importing Assets/Scenes using Guid(f0259f4c5e733d74abf3f5fed43df245) Importer(815301076,1909f56bfc062723c751e8b465ee728b)  -> (artifact id: '9c466a1e82fc27569aee007b587c545e') in 0.008670 seconds
  Import took 0.014917 seconds .

========================================================================
Received Import Request.
  Time since last request: 2.747892 seconds.
  path: Assets/Scenes/Title.unity
  artifactKey: Guid(b625722fb45c9ef42b4e72b014f1e1a4) Importer(815301076,1909f56bfc062723c751e8b465ee728b)
Start importing Assets/Scenes/Title.unity using Guid(b625722fb45c9ef42b4e72b014f1e1a4) Importer(815301076,1909f56bfc062723c751e8b465ee728b)  -> (artifact id: 'a5d0b47c0387b62160319b36baf94901') in 0.021828 seconds
  Import took 0.028068 seconds .

========================================================================
Received Import Request.
  Time since last request: 33.455885 seconds.
  path: Assets/Scripts/Title
  artifactKey: Guid(ebe7d90659fabca47b305fb92df04480) Importer(815301076,1909f56bfc062723c751e8b465ee728b)
Start importing Assets/Scripts/Title using Guid(ebe7d90659fabca47b305fb92df04480) Importer(815301076,1909f56bfc062723c751e8b465ee728b)  -> (artifact id: 'a61872498a547e3fe2899b5977b9fe13') in 0.015713 seconds
  Import took 0.024613 seconds .

========================================================================
Received Import Request.
  Time since last request: 0.007005 seconds.
  path: Assets/Scripts/Title
  artifactKey: Guid(ebe7d90659fabca47b305fb92df04480) Importer(815301076,1909f56bfc062723c751e8b465ee728b)
Start importing Assets/Scripts/Title using Guid(ebe7d90659fabca47b305fb92df04480) Importer(815301076,1909f56bfc062723c751e8b465ee728b)  -> (artifact id: 'a61872498a547e3fe2899b5977b9fe13') in 0.006434 seconds
  Import took 0.012055 seconds .

========================================================================
Received Import Request.
  Time since last request: 30.269931 seconds.
  path: Assets/Scripts/Title/AudioManager.cs
  artifactKey: Guid(53436142a2ce0164ebd08f902005a2c5) Importer(815301076,1909f56bfc062723c751e8b465ee728b)
Start importing Assets/Scripts/Title/AudioManager.cs using Guid(53436142a2ce0164ebd08f902005a2c5) Importer(815301076,1909f56bfc062723c751e8b465ee728b)  -> (artifact id: 'd6be6ca5d0d1114edb4208fdfc012fc7') in 0.048976 seconds
  Import took 0.056176 seconds .

========================================================================
Received Import Request.
  Time since last request: 0.002707 seconds.
  path: Assets/Scripts/Title/AudioManager.cs
  artifactKey: Guid(53436142a2ce0164ebd08f902005a2c5) Importer(815301076,1909f56bfc062723c751e8b465ee728b)
Start importing Assets/Scripts/Title/AudioManager.cs using Guid(53436142a2ce0164ebd08f902005a2c5) Importer(815301076,1909f56bfc062723c751e8b465ee728b)  -> (artifact id: 'd6be6ca5d0d1114edb4208fdfc012fc7') in 0.006937 seconds
  Import took 0.014382 seconds .

========================================================================
Received Prepare
Registering precompiled user dll's ...
Registered in 0.001967 seconds.
Begin MonoManager ReloadAssembly
Native extension for WindowsStandalone target not found
Native extension for WebGL target not found
Refreshing native plugins compatible for Editor in 0.81 ms, found 0 plugins.
Preloading 0 native plugins for Editor in 0.00 ms.
Invoked RoslynAnalysisRunner static constructor.
RoslynAnalysisRunner will not be running.
RoslynAnalysisRunner has terminated.
Mono: successfully reloaded assembly
- Completed reload, in  1.566 seconds
Platform modules already initialized, skipping
Refreshing native plugins compatible for Editor in 0.51 ms, found 0 plugins.
Preloading 0 native plugins for Editor in 0.00 ms.
Unloading 1650 Unused Serialized files (Serialized files now loaded: 0)
System memory in use before: 77.5 MB.
System memory in use after: 77.6 MB.

Unloading 8 unused Assets to reduce memory usage. Loaded Objects now: 2112.
Total: 2.836700 ms (FindLiveObjects: 0.331000 ms CreateObjectMapping: 0.103700 ms MarkObjects: 2.316000 ms  DeleteObjects: 0.084100 ms)

========================================================================
Received Prepare
Registering precompiled user dll's ...
Registered in 0.001662 seconds.
Begin MonoManager ReloadAssembly
Native extension for WindowsStandalone target not found
Native extension for WebGL target not found
Refreshing native plugins compatible for Editor in 0.64 ms, found 0 plugins.
Preloading 0 native plugins for Editor in 0.00 ms.
Invoked RoslynAnalysisRunner static constructor.
RoslynAnalysisRunner will not be running.
RoslynAnalysisRunner has terminated.
Mono: successfully reloaded assembly
- Completed reload, in  1.456 seconds
Platform modules already initialized, skipping
OnLevelWasLoaded was found on AudioManager
This message has been deprecated and will be removed in a later version of Unity.
Add a delegate to SceneManager.sceneLoaded instead to get notifications after scene loading has completed

Refreshing native plugins compatible for Editor in 0.72 ms, found 0 plugins.
Preloading 0 native plugins for Editor in 0.00 ms.
Unloading 1650 Unused Serialized files (Serialized files now loaded: 0)
System memory in use before: 77.7 MB.
System memory in use after: 77.7 MB.

Unloading 8 unused Assets to reduce memory usage. Loaded Objects now: 2115.
Total: 3.353800 ms (FindLiveObjects: 0.343700 ms CreateObjectMapping: 0.103800 ms MarkObjects: 2.819600 ms  DeleteObjects: 0.084000 ms)

========================================================================
Received Import Request.
  Time since last request: 1216.589830 seconds.
  path: Assets/Scripts/Title/AudioManager.cs
  artifactKey: Guid(53436142a2ce0164ebd08f902005a2c5) Importer(815301076,1909f56bfc062723c751e8b465ee728b)
Start importing Assets/Scripts/Title/AudioManager.cs using Guid(53436142a2ce0164ebd08f902005a2c5) Importer(815301076,1909f56bfc062723c751e8b465ee728b)  -> (artifact id: 'e40c2abc2f7c85b8abb0ed0ab86e9f19') in 0.010841 seconds
  Import took 0.054646 seconds .

========================================================================
Received Import Request.
  Time since last request: 66.926348 seconds.
  path: ProjectSettings/TagManager.asset
  artifactKey: Guid(00000000000000003000000000000000) Importer(815301076,1909f56bfc062723c751e8b465ee728b)
Start importing ProjectSettings/TagManager.asset using Guid(00000000000000003000000000000000) Importer(815301076,1909f56bfc062723c751e8b465ee728b)  -> (artifact id: 'cbb02baa2c08cdd01e4881a7ce4503aa') in 0.043509 seconds
  Import took 0.054102 seconds .

========================================================================
Received Import Request.
  Time since last request: 0.000466 seconds.
  path: ProjectSettings/TagManager.asset
  artifactKey: Guid(00000000000000003000000000000000) Importer(815301076,1909f56bfc062723c751e8b465ee728b)
Start importing ProjectSettings/TagManager.asset using Guid(00000000000000003000000000000000) Importer(815301076,1909f56bfc062723c751e8b465ee728b)  -> (artifact id: 'cbb02baa2c08cdd01e4881a7ce4503aa') in 0.009413 seconds
  Import took 0.015582 seconds .

========================================================================
Received Prepare
Registering precompiled user dll's ...
Registered in 0.001726 seconds.
Begin MonoManager ReloadAssembly
Native extension for WindowsStandalone target not found
Native extension for WebGL target not found
Refreshing native plugins compatible for Editor in 0.54 ms, found 0 plugins.
Preloading 0 native plugins for Editor in 0.00 ms.
Invoked RoslynAnalysisRunner static constructor.
RoslynAnalysisRunner will not be running.
RoslynAnalysisRunner has terminated.
Mono: successfully reloaded assembly
- Completed reload, in  1.639 seconds
Platform modules already initialized, skipping
OnLevelWasLoaded was found on AudioManager
This message has been deprecated and will be removed in a later version of Unity.
Add a delegate to SceneManager.sceneLoaded instead to get notifications after scene loading has completed

Refreshing native plugins compatible for Editor in 0.77 ms, found 0 plugins.
Preloading 0 native plugins for Editor in 0.00 ms.
Unloading 1650 Unused Serialized files (Serialized files now loaded: 0)
System memory in use before: 77.7 MB.
System memory in use after: 77.8 MB.

Unloading 10 unused Assets to reduce memory usage. Loaded Objects now: 2118.
Total: 3.645700 ms (FindLiveObjects: 0.301400 ms CreateObjectMapping: 0.063300 ms MarkObjects: 3.189100 ms  DeleteObjects: 0.089600 ms)

========================================================================
Received Prepare
Registering precompiled user dll's ...
Registered in 0.002461 seconds.
Begin MonoManager ReloadAssembly
Native extension for WindowsStandalone target not found
Native extension for WebGL target not found
Refreshing native plugins compatible for Editor in 0.54 ms, found 0 plugins.
Preloading 0 native plugins for Editor in 0.00 ms.
Invoked RoslynAnalysisRunner static constructor.
RoslynAnalysisRunner will not be running.
RoslynAnalysisRunner has terminated.
Mono: successfully reloaded assembly
- Completed reload, in  1.473 seconds
Platform modules already initialized, skipping
OnLevelWasLoaded was found on AudioManager
This message has been deprecated and will be removed in a later version of Unity.
Add a delegate to SceneManager.sceneLoaded instead to get notifications after scene loading has completed

Refreshing native plugins compatible for Editor in 0.84 ms, found 0 plugins.
Preloading 0 native plugins for Editor in 0.00 ms.
Unloading 1650 Unused Serialized files (Serialized files now loaded: 0)
System memory in use before: 77.7 MB.
System memory in use after: 77.8 MB.

Unloading 8 unused Assets to reduce memory usage. Loaded Objects now: 2121.
Total: 4.480800 ms (FindLiveObjects: 0.452300 ms CreateObjectMapping: 0.128100 ms MarkObjects: 3.783800 ms  DeleteObjects: 0.113700 ms)

========================================================================
Received Prepare
Registering precompiled user dll's ...
Registered in 0.001702 seconds.
Begin MonoManager ReloadAssembly
Native extension for WindowsStandalone target not found
Native extension for WebGL target not found
Refreshing native plugins compatible for Editor in 0.56 ms, found 0 plugins.
Preloading 0 native plugins for Editor in 0.00 ms.
Invoked RoslynAnalysisRunner static constructor.
RoslynAnalysisRunner will not be running.
RoslynAnalysisRunner has terminated.
Mono: successfully reloaded assembly
- Completed reload, in  1.401 seconds
Platform modules already initialized, skipping
OnLevelWasLoaded was found on AudioManager
This message has been deprecated and will be removed in a later version of Unity.
Add a delegate to SceneManager.sceneLoaded instead to get notifications after scene loading has completed

Refreshing native plugins compatible for Editor in 0.59 ms, found 0 plugins.
Preloading 0 native plugins for Editor in 0.00 ms.
Unloading 1650 Unused Serialized files (Serialized files now loaded: 0)
System memory in use before: 77.7 MB.
System memory in use after: 77.8 MB.

Unloading 8 unused Assets to reduce memory usage. Loaded Objects now: 2124.
Total: 3.211800 ms (FindLiveObjects: 0.440400 ms CreateObjectMapping: 0.112900 ms MarkObjects: 2.571100 ms  DeleteObjects: 0.085200 ms)

========================================================================
Received Import Request.
  Time since last request: 1004.823361 seconds.
  path: Assets/Scripts/Title/MenuManager.cs
  artifactKey: Guid(422deefe467b98848a7c3592f47eb6f4) Importer(815301076,1909f56bfc062723c751e8b465ee728b)
Start importing Assets/Scripts/Title/MenuManager.cs using Guid(422deefe467b98848a7c3592f47eb6f4) Importer(815301076,1909f56bfc062723c751e8b465ee728b)  -> (artifact id: '6bf27bf7609a7c03e80a722b853f47a7') in 0.025037 seconds
  Import took 0.033901 seconds .

========================================================================
Received Prepare
Registering precompiled user dll's ...
Registered in 0.001771 seconds.
Begin MonoManager ReloadAssembly
Native extension for WindowsStandalone target not found
Native extension for WebGL target not found
Refreshing native plugins compatible for Editor in 0.81 ms, found 0 plugins.
Preloading 0 native plugins for Editor in 0.00 ms.
Invoked RoslynAnalysisRunner static constructor.
RoslynAnalysisRunner will not be running.
RoslynAnalysisRunner has terminated.
Mono: successfully reloaded assembly
- Completed reload, in  1.467 seconds
Platform modules already initialized, skipping
OnLevelWasLoaded was found on AudioManager
This message has been deprecated and will be removed in a later version of Unity.
Add a delegate to SceneManager.sceneLoaded instead to get notifications after scene loading has completed

Refreshing native plugins compatible for Editor in 0.55 ms, found 0 plugins.
Preloading 0 native plugins for Editor in 0.00 ms.
Unloading 1651 Unused Serialized files (Serialized files now loaded: 0)
System memory in use before: 77.7 MB.
System memory in use after: 77.8 MB.

Unloading 8 unused Assets to reduce memory usage. Loaded Objects now: 2128.
Total: 3.946700 ms (FindLiveObjects: 0.490700 ms CreateObjectMapping: 0.105000 ms MarkObjects: 3.261600 ms  DeleteObjects: 0.086700 ms)

========================================================================
Received Import Request.
  Time since last request: 410.714787 seconds.
  path: Assets/Scripts/Title/MenuManager.cs
  artifactKey: Guid(422deefe467b98848a7c3592f47eb6f4) Importer(815301076,1909f56bfc062723c751e8b465ee728b)
Start importing Assets/Scripts/Title/MenuManager.cs using Guid(422deefe467b98848a7c3592f47eb6f4) Importer(815301076,1909f56bfc062723c751e8b465ee728b)  -> (artifact id: '1d625ef87578ced81a9de0c9768438f7') in 0.015824 seconds
  Import took 0.025110 seconds .

========================================================================
Received Import Request.
  Time since last request: 0.032093 seconds.
  path: Assets/Scripts/Title/MenuManager.cs
  artifactKey: Guid(422deefe467b98848a7c3592f47eb6f4) Importer(815301076,1909f56bfc062723c751e8b465ee728b)
Start importing Assets/Scripts/Title/MenuManager.cs using Guid(422deefe467b98848a7c3592f47eb6f4) Importer(815301076,1909f56bfc062723c751e8b465ee728b)  -> (artifact id: '1d625ef87578ced81a9de0c9768438f7') in 0.007631 seconds
  Import took 0.015745 seconds .

========================================================================
Received Import Request.
  Time since last request: 13.190739 seconds.
  path: Assets/Scripts/Title/MenuManager.cs
  artifactKey: Guid(422deefe467b98848a7c3592f47eb6f4) Importer(815301076,1909f56bfc062723c751e8b465ee728b)
Start importing Assets/Scripts/Title/MenuManager.cs using Guid(422deefe467b98848a7c3592f47eb6f4) Importer(815301076,1909f56bfc062723c751e8b465ee728b)  -> (artifact id: '0923fac38a86bd275ec93837696cbaee') in 0.005611 seconds
  Import took 0.013875 seconds .

========================================================================
Received Import Request.
  Time since last request: 29.398406 seconds.
  path: Assets/Scripts/Title/MenuManager.cs
  artifactKey: Guid(422deefe467b98848a7c3592f47eb6f4) Importer(815301076,1909f56bfc062723c751e8b465ee728b)
Start importing Assets/Scripts/Title/MenuManager.cs using Guid(422deefe467b98848a7c3592f47eb6f4) Importer(815301076,1909f56bfc062723c751e8b465ee728b)  -> (artifact id: '75661e63702b4bb0c96f309c9b9aa530') in 0.007187 seconds
  Import took 0.015429 seconds .

========================================================================
Received Import Request.
  Time since last request: 19.511158 seconds.
  path: Assets/Scripts/Title/MenuManager.cs
  artifactKey: Guid(422deefe467b98848a7c3592f47eb6f4) Importer(815301076,1909f56bfc062723c751e8b465ee728b)
Start importing Assets/Scripts/Title/MenuManager.cs using Guid(422deefe467b98848a7c3592f47eb6f4) Importer(815301076,1909f56bfc062723c751e8b465ee728b)  -> (artifact id: '70e55551bbe201dde65c3466f8b10076') in 0.006723 seconds
  Import took 0.017065 seconds .

========================================================================
Received Import Request.
  Time since last request: 20.885543 seconds.
  path: Assets/Scripts/Title/MenuManager.cs
  artifactKey: Guid(422deefe467b98848a7c3592f47eb6f4) Importer(815301076,1909f56bfc062723c751e8b465ee728b)
Start importing Assets/Scripts/Title/MenuManager.cs using Guid(422deefe467b98848a7c3592f47eb6f4) Importer(815301076,1909f56bfc062723c751e8b465ee728b)  -> (artifact id: '3037093532fa41b3b390da97cdb0edaa') in 0.011442 seconds
  Import took 0.017043 seconds .

========================================================================
Received Import Request.
  Time since last request: 25.289438 seconds.
  path: Assets/Scripts/Title/MenuManager.cs
  artifactKey: Guid(422deefe467b98848a7c3592f47eb6f4) Importer(815301076,1909f56bfc062723c751e8b465ee728b)
Start importing Assets/Scripts/Title/MenuManager.cs using Guid(422deefe467b98848a7c3592f47eb6f4) Importer(815301076,1909f56bfc062723c751e8b465ee728b)  -> (artifact id: '1b94f34aec135772b2f8b87870c35824') in 0.007016 seconds
  Import took 0.013384 seconds .

========================================================================
Received Prepare
Registering precompiled user dll's ...
Registered in 0.002650 seconds.
Begin MonoManager ReloadAssembly
Native extension for WindowsStandalone target not found
Native extension for WebGL target not found
Refreshing native plugins compatible for Editor in 0.87 ms, found 0 plugins.
Preloading 0 native plugins for Editor in 0.00 ms.
Invoked RoslynAnalysisRunner static constructor.
RoslynAnalysisRunner will not be running.
RoslynAnalysisRunner has terminated.
Mono: successfully reloaded assembly
- Completed reload, in  1.711 seconds
Platform modules already initialized, skipping
OnLevelWasLoaded was found on AudioManager
This message has been deprecated and will be removed in a later version of Unity.
Add a delegate to SceneManager.sceneLoaded instead to get notifications after scene loading has completed

Refreshing native plugins compatible for Editor in 0.54 ms, found 0 plugins.
Preloading 0 native plugins for Editor in 0.00 ms.
Unloading 1651 Unused Serialized files (Serialized files now loaded: 0)
System memory in use before: 77.8 MB.
System memory in use after: 77.8 MB.

Unloading 8 unused Assets to reduce memory usage. Loaded Objects now: 2131.
Total: 4.140500 ms (FindLiveObjects: 0.435000 ms CreateObjectMapping: 0.098200 ms MarkObjects: 3.514900 ms  DeleteObjects: 0.090300 ms)

========================================================================
Received Import Request.
  Time since last request: 23.240738 seconds.
  path: Assets/Scripts/Title/MenuManager.cs
  artifactKey: Guid(422deefe467b98848a7c3592f47eb6f4) Importer(815301076,1909f56bfc062723c751e8b465ee728b)
Start importing Assets/Scripts/Title/MenuManager.cs using Guid(422deefe467b98848a7c3592f47eb6f4) Importer(815301076,1909f56bfc062723c751e8b465ee728b)  -> (artifact id: 'dd417444982bdf5b57a9ac1281cf576f') in 0.009678 seconds
  Import took 0.052767 seconds .

========================================================================
Received Import Request.
  Time since last request: 232.575571 seconds.
  path: Assets/Scripts/Title/MenuManager.cs
  artifactKey: Guid(422deefe467b98848a7c3592f47eb6f4) Importer(815301076,1909f56bfc062723c751e8b465ee728b)
Start importing Assets/Scripts/Title/MenuManager.cs using Guid(422deefe467b98848a7c3592f47eb6f4) Importer(815301076,1909f56bfc062723c751e8b465ee728b)  -> (artifact id: '4490afa2e4f0e08246020f46f98e36ed') in 0.009010 seconds
  Import took 0.016521 seconds .

========================================================================
Received Prepare
Registering precompiled user dll's ...
Registered in 0.001757 seconds.
Begin MonoManager ReloadAssembly
Native extension for WindowsStandalone target not found
Native extension for WebGL target not found
Refreshing native plugins compatible for Editor in 0.55 ms, found 0 plugins.
Preloading 0 native plugins for Editor in 0.00 ms.
Invoked RoslynAnalysisRunner static constructor.
RoslynAnalysisRunner will not be running.
RoslynAnalysisRunner has terminated.
Mono: successfully reloaded assembly
- Completed reload, in  1.479 seconds
Platform modules already initialized, skipping
OnLevelWasLoaded was found on AudioManager
This message has been deprecated and will be removed in a later version of Unity.
Add a delegate to SceneManager.sceneLoaded instead to get notifications after scene loading has completed

Refreshing native plugins compatible for Editor in 0.79 ms, found 0 plugins.
Preloading 0 native plugins for Editor in 0.00 ms.
Unloading 1651 Unused Serialized files (Serialized files now loaded: 0)
System memory in use before: 77.8 MB.
System memory in use after: 77.9 MB.

Unloading 8 unused Assets to reduce memory usage. Loaded Objects now: 2134.
Total: 4.884600 ms (FindLiveObjects: 0.434500 ms CreateObjectMapping: 0.101600 ms MarkObjects: 4.205700 ms  DeleteObjects: 0.138100 ms)

========================================================================
Received Import Request.
  Time since last request: 17.038809 seconds.
  path: Assets/Scripts/Title/MenuManager.cs
  artifactKey: Guid(422deefe467b98848a7c3592f47eb6f4) Importer(815301076,1909f56bfc062723c751e8b465ee728b)
Start importing Assets/Scripts/Title/MenuManager.cs using Guid(422deefe467b98848a7c3592f47eb6f4) Importer(815301076,1909f56bfc062723c751e8b465ee728b)  -> (artifact id: '89e66129436167035596982e645c778e') in 0.012445 seconds
  Import took 0.057246 seconds .

========================================================================
Received Import Request.
  Time since last request: 1.796754 seconds.
  path: Assets/Scenes/SampleScene.unity
  artifactKey: Guid(9fc0d4010bbf28b4594072e72b8655ab) Importer(815301076,1909f56bfc062723c751e8b465ee728b)
Start importing Assets/Scenes/SampleScene.unity using Guid(9fc0d4010bbf28b4594072e72b8655ab) Importer(815301076,1909f56bfc062723c751e8b465ee728b)  -> (artifact id: 'c8b0a38f0dde13c0b0167c258ed53494') in 0.031721 seconds
  Import took 0.075855 seconds .

========================================================================
Received Import Request.
  Time since last request: 3.402473 seconds.
  path: Assets/Scenes/Play.unity
  artifactKey: Guid(9fc0d4010bbf28b4594072e72b8655ab) Importer(815301076,1909f56bfc062723c751e8b465ee728b)
Start importing Assets/Scenes/Play.unity using Guid(9fc0d4010bbf28b4594072e72b8655ab) Importer(815301076,1909f56bfc062723c751e8b465ee728b)  -> (artifact id: '11d6ccac40a45e1359cfe0ed787d23b1') in 0.014960 seconds
  Import took 0.059672 seconds .

========================================================================
Received Prepare
Registering precompiled user dll's ...
Registered in 0.001765 seconds.
Begin MonoManager ReloadAssembly
Native extension for WindowsStandalone target not found
Native extension for WebGL target not found
Refreshing native plugins compatible for Editor in 0.55 ms, found 0 plugins.
Preloading 0 native plugins for Editor in 0.00 ms.
Invoked RoslynAnalysisRunner static constructor.
RoslynAnalysisRunner will not be running.
RoslynAnalysisRunner has terminated.
Mono: successfully reloaded assembly
- Completed reload, in  1.462 seconds
Platform modules already initialized, skipping
OnLevelWasLoaded was found on AudioManager
This message has been deprecated and will be removed in a later version of Unity.
Add a delegate to SceneManager.sceneLoaded instead to get notifications after scene loading has completed

Refreshing native plugins compatible for Editor in 0.75 ms, found 0 plugins.
Preloading 0 native plugins for Editor in 0.00 ms.
Unloading 1651 Unused Serialized files (Serialized files now loaded: 0)
System memory in use before: 77.8 MB.
System memory in use after: 77.9 MB.

Unloading 8 unused Assets to reduce memory usage. Loaded Objects now: 2137.
Total: 3.597800 ms (FindLiveObjects: 0.382800 ms CreateObjectMapping: 0.097700 ms MarkObjects: 3.030300 ms  DeleteObjects: 0.084800 ms)

AssetImportWorkerClient::OnTransportError - code=2 error=End of file
