Using pre-set license
Built from '2020.3/release' branch; Version is '2020.3.1f1 (77a89f25062f) revision 7841951'; Using compiler version '192528614'; Build Type 'Release'
OS: 'Windows 10 Home; OS build 19043.1826; Version 2009; 64bit' Language: 'en' Physical Memory: 7549 MB
BatchMode: 1, IsHumanControllingUs: 0, StartBugReporterOnCrash: 0, Is64bit: 1, IsPro: 0

 COMMAND LINE ARGUMENTS:
C:\Program Files\Unity\Hub\Editor\2020.3.1f1\Editor\Unity.exe
-adb2
-batchMode
-noUpm
-name
AssetImportWorker0
-projectPath
C:/Users/ranja/Desktop/Unity Projects/ArtificialLifeGame
-logFile
Logs/AssetImportWorker0.log
-srvPort
64096
Successfully changed project path to: C:/Users/ranja/Desktop/Unity Projects/ArtificialLifeGame
C:/Users/ranja/Desktop/Unity Projects/ArtificialLifeGame
Using Asset Import Pipeline V2.
Refreshing native plugins compatible for Editor in 54.05 ms, found 0 plugins.
Preloading 0 native plugins for Editor in 0.00 ms.
Initialize engine version: 2020.3.1f1 (77a89f25062f)
[Subsystems] Discovering subsystems at path C:/Program Files/Unity/Hub/Editor/2020.3.1f1/Editor/Data/Resources/UnitySubsystems
[Subsystems] Discovering subsystems at path C:/Users/ranja/Desktop/Unity Projects/ArtificialLifeGame/Assets
GfxDevice: creating device client; threaded=0
Direct3D:
    Version:  Direct3D 11.0 [level 11.1]
    Renderer: AMD Radeon(TM) Graphics (ID=0x1636)
    Vendor:   
    VRAM:     3774 MB
    Driver:   27.20.11044.4003
Initialize mono
Mono path[0] = 'C:/Program Files/Unity/Hub/Editor/2020.3.1f1/Editor/Data/Managed'
Mono path[1] = 'C:/Program Files/Unity/Hub/Editor/2020.3.1f1/Editor/Data/MonoBleedingEdge/lib/mono/unityjit'
Mono config path = 'C:/Program Files/Unity/Hub/Editor/2020.3.1f1/Editor/Data/MonoBleedingEdge/etc'
Using monoOptions --debugger-agent=transport=dt_socket,embedding=1,server=y,suspend=n,address=127.0.0.1:56316
Begin MonoManager ReloadAssembly
Registering precompiled unity dll's ...
Register platform support module: C:/Program Files/Unity/Hub/Editor/2020.3.1f1/Editor/Data/PlaybackEngines/WebGLSupport/UnityEditor.WebGL.Extensions.dll
Register platform support module: C:/Program Files/Unity/Hub/Editor/2020.3.1f1/Editor/Data/PlaybackEngines/WindowsStandaloneSupport/UnityEditor.WindowsStandalone.Extensions.dll
Registered in 0.005375 seconds.
Native extension for WindowsStandalone target not found
Native extension for WebGL target not found
Refreshing native plugins compatible for Editor in 59.32 ms, found 0 plugins.
Preloading 0 native plugins for Editor in 0.00 ms.
Invoked RoslynAnalysisRunner static constructor.
RoslynAnalysisRunner will not be running.
RoslynAnalysisRunner has terminated.
Mono: successfully reloaded assembly
- Completed reload, in  2.046 seconds
Platform modules already initialized, skipping
Registering precompiled user dll's ...
Registered in 0.001860 seconds.
Begin MonoManager ReloadAssembly
Native extension for WindowsStandalone target not found
Native extension for WebGL target not found
Refreshing native plugins compatible for Editor in 52.36 ms, found 0 plugins.
Preloading 0 native plugins for Editor in 0.00 ms.
Invoked RoslynAnalysisRunner static constructor.
RoslynAnalysisRunner will not be running.
RoslynAnalysisRunner has terminated.
Mono: successfully reloaded assembly
- Completed reload, in  1.626 seconds
Platform modules already initialized, skipping
========================================================================
Worker process is ready to serve import requests
Launched and connected shader compiler UnityShaderCompiler.exe after 0.07 seconds
Refreshing native plugins compatible for Editor in 0.51 ms, found 0 plugins.
Preloading 0 native plugins for Editor in 0.00 ms.
Unloading 1469 Unused Serialized files (Serialized files now loaded: 0)
System memory in use before: 71.4 MB.
System memory in use after: 71.4 MB.

Unloading 14 unused Assets to reduce memory usage. Loaded Objects now: 1919.
Total: 3.989200 ms (FindLiveObjects: 0.265700 ms CreateObjectMapping: 0.075600 ms MarkObjects: 3.502100 ms  DeleteObjects: 0.143700 ms)

========================================================================
Received Import Request.
  path: Assets/Scripts/UI/MonsterSlot.cs
  artifactKey: Guid(431324af1c769ce4fa0438a6aa0aff63) Importer(815301076,1909f56bfc062723c751e8b465ee728b)
Start importing Assets/Scripts/UI/MonsterSlot.cs using Guid(431324af1c769ce4fa0438a6aa0aff63) Importer(815301076,1909f56bfc062723c751e8b465ee728b)  -> (artifact id: '07f176a69c40026dccf9d5c72ad7173a') in 0.046774 seconds
  Import took 0.052485 seconds .

========================================================================
Received Prepare
Registering precompiled user dll's ...
Registered in 0.001724 seconds.
Begin MonoManager ReloadAssembly
Native extension for WindowsStandalone target not found
Native extension for WebGL target not found
Refreshing native plugins compatible for Editor in 0.58 ms, found 0 plugins.
Preloading 0 native plugins for Editor in 0.00 ms.
Invoked RoslynAnalysisRunner static constructor.
RoslynAnalysisRunner will not be running.
RoslynAnalysisRunner has terminated.
Mono: successfully reloaded assembly
- Completed reload, in  1.492 seconds
Platform modules already initialized, skipping
Refreshing native plugins compatible for Editor in 0.69 ms, found 0 plugins.
Preloading 0 native plugins for Editor in 0.00 ms.
Unloading 1462 Unused Serialized files (Serialized files now loaded: 0)
System memory in use before: 71.3 MB.
System memory in use after: 71.4 MB.

Unloading 7 unused Assets to reduce memory usage. Loaded Objects now: 1922.
Total: 4.206500 ms (FindLiveObjects: 0.441600 ms CreateObjectMapping: 0.102600 ms MarkObjects: 3.519100 ms  DeleteObjects: 0.139100 ms)

========================================================================
Received Import Request.
  Time since last request: 175.731706 seconds.
  path: Assets/Scripts/UI/MonsterSlot.cs
  artifactKey: Guid(431324af1c769ce4fa0438a6aa0aff63) Importer(815301076,1909f56bfc062723c751e8b465ee728b)
Start importing Assets/Scripts/UI/MonsterSlot.cs using Guid(431324af1c769ce4fa0438a6aa0aff63) Importer(815301076,1909f56bfc062723c751e8b465ee728b)  -> (artifact id: 'e6cbbf57cf44da1b7351f552f9357d4f') in 0.012814 seconds
  Import took 0.019840 seconds .

========================================================================
Received Prepare
Registering precompiled user dll's ...
Registered in 0.001617 seconds.
Begin MonoManager ReloadAssembly
Native extension for WindowsStandalone target not found
Native extension for WebGL target not found
Refreshing native plugins compatible for Editor in 0.50 ms, found 0 plugins.
Preloading 0 native plugins for Editor in 0.00 ms.
Invoked RoslynAnalysisRunner static constructor.
RoslynAnalysisRunner will not be running.
RoslynAnalysisRunner has terminated.
Mono: successfully reloaded assembly
- Completed reload, in  1.298 seconds
Platform modules already initialized, skipping
Refreshing native plugins compatible for Editor in 1.00 ms, found 0 plugins.
Preloading 0 native plugins for Editor in 0.00 ms.
Unloading 1462 Unused Serialized files (Serialized files now loaded: 0)
System memory in use before: 71.4 MB.
System memory in use after: 71.4 MB.

Unloading 7 unused Assets to reduce memory usage. Loaded Objects now: 1925.
Total: 4.997400 ms (FindLiveObjects: 0.597600 ms CreateObjectMapping: 0.130300 ms MarkObjects: 4.141300 ms  DeleteObjects: 0.124400 ms)

========================================================================
Received Prepare
Registering precompiled user dll's ...
Registered in 0.002438 seconds.
Begin MonoManager ReloadAssembly
Native extension for WindowsStandalone target not found
Native extension for WebGL target not found
Refreshing native plugins compatible for Editor in 0.50 ms, found 0 plugins.
Preloading 0 native plugins for Editor in 0.00 ms.
Invoked RoslynAnalysisRunner static constructor.
RoslynAnalysisRunner will not be running.
RoslynAnalysisRunner has terminated.
Mono: successfully reloaded assembly
- Completed reload, in  1.383 seconds
Platform modules already initialized, skipping
Refreshing native plugins compatible for Editor in 0.48 ms, found 0 plugins.
Preloading 0 native plugins for Editor in 0.00 ms.
Unloading 1462 Unused Serialized files (Serialized files now loaded: 0)
System memory in use before: 71.4 MB.
System memory in use after: 71.5 MB.

Unloading 7 unused Assets to reduce memory usage. Loaded Objects now: 1928.
Total: 3.754600 ms (FindLiveObjects: 0.364800 ms CreateObjectMapping: 0.132200 ms MarkObjects: 3.093700 ms  DeleteObjects: 0.084900 ms)

========================================================================
Received Import Request.
  Time since last request: 349.359937 seconds.
  path: Assets/Scripts/UI/MonsterSlot.cs
  artifactKey: Guid(431324af1c769ce4fa0438a6aa0aff63) Importer(815301076,1909f56bfc062723c751e8b465ee728b)
Start importing Assets/Scripts/UI/MonsterSlot.cs using Guid(431324af1c769ce4fa0438a6aa0aff63) Importer(815301076,1909f56bfc062723c751e8b465ee728b)  -> (artifact id: '2a0bd2a25dbc281fd3eda27c04b27065') in 0.007464 seconds
  Import took 0.012466 seconds .

========================================================================
Received Import Request.
  Time since last request: 324.110027 seconds.
  path: Assets/Monster/UISlot.controller
  artifactKey: Guid(c1f4cc638713b3f448d4c8e5622d1a09) Importer(815301076,1909f56bfc062723c751e8b465ee728b)
Start importing Assets/Monster/UISlot.controller using Guid(c1f4cc638713b3f448d4c8e5622d1a09) Importer(815301076,1909f56bfc062723c751e8b465ee728b)  -> (artifact id: 'ea286aca925fa0812354efb7b9f2fd93') in 0.080270 seconds
  Import took 0.087178 seconds .

========================================================================
Received Import Request.
  Time since last request: 106.385394 seconds.
  path: Assets/3D_Models/Idle.anim
  artifactKey: Guid(2cfe37ac1615f9a46859ec8fb5d9e70b) Importer(815301076,1909f56bfc062723c751e8b465ee728b)
Start importing Assets/3D_Models/Idle.anim using Guid(2cfe37ac1615f9a46859ec8fb5d9e70b) Importer(815301076,1909f56bfc062723c751e8b465ee728b)  -> (artifact id: 'e4b72d5052aa8998534d6e5ed57537d9') in 0.035479 seconds
  Import took 0.043292 seconds .

========================================================================
Received Import Request.
  Time since last request: 0.005967 seconds.
  path: Assets/3D_Models/Idle.anim
  artifactKey: Guid(2cfe37ac1615f9a46859ec8fb5d9e70b) Importer(815301076,1909f56bfc062723c751e8b465ee728b)
Start importing Assets/3D_Models/Idle.anim using Guid(2cfe37ac1615f9a46859ec8fb5d9e70b) Importer(815301076,1909f56bfc062723c751e8b465ee728b)  -> (artifact id: 'e4b72d5052aa8998534d6e5ed57537d9') in 0.015384 seconds
  Import took 0.022865 seconds .

========================================================================
Received Import Request.
  Time since last request: 321.193245 seconds.
  path: Assets/Monster/MonsterSlot.controller
  artifactKey: Guid(bd8c5c61794491b4b90b720b5be19279) Importer(815301076,1909f56bfc062723c751e8b465ee728b)
Start importing Assets/Monster/MonsterSlot.controller using Guid(bd8c5c61794491b4b90b720b5be19279) Importer(815301076,1909f56bfc062723c751e8b465ee728b)  -> (artifact id: 'dce393e02e36bfcd973cd77cdb7725e6') in 0.011336 seconds
  Import took 0.056334 seconds .

========================================================================
Received Import Request.
  Time since last request: 192.420559 seconds.
  path: Assets/Monster/MonsterSlot.controller
  artifactKey: Guid(bd8c5c61794491b4b90b720b5be19279) Importer(815301076,1909f56bfc062723c751e8b465ee728b)
Start importing Assets/Monster/MonsterSlot.controller using Guid(bd8c5c61794491b4b90b720b5be19279) Importer(815301076,1909f56bfc062723c751e8b465ee728b)  -> (artifact id: '2c6a5425d3422d1108a0e9705ae47426') in 0.012041 seconds
  Import took 0.056926 seconds .

========================================================================
Received Import Request.
  Time since last request: 0.000815 seconds.
  path: Assets/Monster/MonsterSlot.controller
  artifactKey: Guid(bd8c5c61794491b4b90b720b5be19279) Importer(815301076,1909f56bfc062723c751e8b465ee728b)
Start importing Assets/Monster/MonsterSlot.controller using Guid(bd8c5c61794491b4b90b720b5be19279) Importer(815301076,1909f56bfc062723c751e8b465ee728b)  -> (artifact id: '2c6a5425d3422d1108a0e9705ae47426') in 0.010930 seconds
  Import took 0.017733 seconds .

========================================================================
Received Prepare
Registering precompiled user dll's ...
Registered in 0.001755 seconds.
Begin MonoManager ReloadAssembly
Native extension for WindowsStandalone target not found
Native extension for WebGL target not found
Refreshing native plugins compatible for Editor in 0.53 ms, found 0 plugins.
Preloading 0 native plugins for Editor in 0.00 ms.
Invoked RoslynAnalysisRunner static constructor.
RoslynAnalysisRunner will not be running.
RoslynAnalysisRunner has terminated.
Mono: successfully reloaded assembly
- Completed reload, in  1.523 seconds
Platform modules already initialized, skipping
Refreshing native plugins compatible for Editor in 0.66 ms, found 0 plugins.
Preloading 0 native plugins for Editor in 0.00 ms.
Unloading 1462 Unused Serialized files (Serialized files now loaded: 0)
System memory in use before: 71.4 MB.
System memory in use after: 71.5 MB.

Unloading 7 unused Assets to reduce memory usage. Loaded Objects now: 1931.
Total: 4.232200 ms (FindLiveObjects: 0.324200 ms CreateObjectMapping: 0.089600 ms MarkObjects: 3.706000 ms  DeleteObjects: 0.110200 ms)

========================================================================
Received Prepare
Registering precompiled user dll's ...
Registered in 0.001691 seconds.
Begin MonoManager ReloadAssembly
Native extension for WindowsStandalone target not found
Native extension for WebGL target not found
Refreshing native plugins compatible for Editor in 0.48 ms, found 0 plugins.
Preloading 0 native plugins for Editor in 0.00 ms.
Invoked RoslynAnalysisRunner static constructor.
RoslynAnalysisRunner will not be running.
RoslynAnalysisRunner has terminated.
Mono: successfully reloaded assembly
- Completed reload, in  1.294 seconds
Platform modules already initialized, skipping
Refreshing native plugins compatible for Editor in 0.49 ms, found 0 plugins.
Preloading 0 native plugins for Editor in 0.00 ms.
Unloading 1462 Unused Serialized files (Serialized files now loaded: 0)
System memory in use before: 71.4 MB.
System memory in use after: 71.5 MB.

Unloading 7 unused Assets to reduce memory usage. Loaded Objects now: 1934.
Total: 2.966200 ms (FindLiveObjects: 0.247500 ms CreateObjectMapping: 0.053700 ms MarkObjects: 2.584100 ms  DeleteObjects: 0.079300 ms)

========================================================================
Received Prepare
Registering precompiled user dll's ...
Registered in 0.001662 seconds.
Begin MonoManager ReloadAssembly
Native extension for WindowsStandalone target not found
Native extension for WebGL target not found
Refreshing native plugins compatible for Editor in 0.47 ms, found 0 plugins.
Preloading 0 native plugins for Editor in 0.00 ms.
Invoked RoslynAnalysisRunner static constructor.
RoslynAnalysisRunner will not be running.
RoslynAnalysisRunner has terminated.
Mono: successfully reloaded assembly
- Completed reload, in  1.344 seconds
Platform modules already initialized, skipping
Refreshing native plugins compatible for Editor in 0.46 ms, found 0 plugins.
Preloading 0 native plugins for Editor in 0.00 ms.
Unloading 1462 Unused Serialized files (Serialized files now loaded: 0)
System memory in use before: 71.4 MB.
System memory in use after: 71.5 MB.

Unloading 7 unused Assets to reduce memory usage. Loaded Objects now: 1937.
Total: 3.183800 ms (FindLiveObjects: 0.379600 ms CreateObjectMapping: 0.069800 ms MarkObjects: 2.646900 ms  DeleteObjects: 0.085300 ms)

========================================================================
Received Import Request.
  Time since last request: 497.340085 seconds.
  path: Assets/Monster/Contract.anim
  artifactKey: Guid(722cb21d90eba9848aaf0499ac8bc4be) Importer(815301076,1909f56bfc062723c751e8b465ee728b)
Start importing Assets/Monster/Contract.anim using Guid(722cb21d90eba9848aaf0499ac8bc4be) Importer(815301076,1909f56bfc062723c751e8b465ee728b)  -> (artifact id: '107b475a5c82f2c20ba0a5132c83f22c') in 0.044518 seconds
  Import took 0.089487 seconds .

========================================================================
Received Import Request.
  Time since last request: 0.001059 seconds.
  path: Assets/Monster/Contract.anim
  artifactKey: Guid(722cb21d90eba9848aaf0499ac8bc4be) Importer(815301076,1909f56bfc062723c751e8b465ee728b)
Start importing Assets/Monster/Contract.anim using Guid(722cb21d90eba9848aaf0499ac8bc4be) Importer(815301076,1909f56bfc062723c751e8b465ee728b)  -> (artifact id: '107b475a5c82f2c20ba0a5132c83f22c') in 0.009716 seconds
  Import took 0.016601 seconds .

========================================================================
Received Prepare
Registering precompiled user dll's ...
Registered in 0.002242 seconds.
Begin MonoManager ReloadAssembly
Native extension for WindowsStandalone target not found
Native extension for WebGL target not found
Refreshing native plugins compatible for Editor in 0.70 ms, found 0 plugins.
Preloading 0 native plugins for Editor in 0.00 ms.
Invoked RoslynAnalysisRunner static constructor.
RoslynAnalysisRunner will not be running.
RoslynAnalysisRunner has terminated.
Mono: successfully reloaded assembly
- Completed reload, in  1.608 seconds
Platform modules already initialized, skipping
Refreshing native plugins compatible for Editor in 0.81 ms, found 0 plugins.
Preloading 0 native plugins for Editor in 0.00 ms.
Unloading 1462 Unused Serialized files (Serialized files now loaded: 0)
System memory in use before: 71.5 MB.
System memory in use after: 71.6 MB.

Unloading 7 unused Assets to reduce memory usage. Loaded Objects now: 1940.
Total: 4.151000 ms (FindLiveObjects: 0.333800 ms CreateObjectMapping: 0.090400 ms MarkObjects: 3.615600 ms  DeleteObjects: 0.108900 ms)

========================================================================
Received Prepare
Registering precompiled user dll's ...
Registered in 0.002375 seconds.
Begin MonoManager ReloadAssembly
Native extension for WindowsStandalone target not found
Native extension for WebGL target not found
Refreshing native plugins compatible for Editor in 0.67 ms, found 0 plugins.
Preloading 0 native plugins for Editor in 0.00 ms.
Invoked RoslynAnalysisRunner static constructor.
RoslynAnalysisRunner will not be running.
RoslynAnalysisRunner has terminated.
Mono: successfully reloaded assembly
- Completed reload, in  1.708 seconds
Platform modules already initialized, skipping
Refreshing native plugins compatible for Editor in 0.72 ms, found 0 plugins.
Preloading 0 native plugins for Editor in 0.00 ms.
Unloading 1462 Unused Serialized files (Serialized files now loaded: 0)
System memory in use before: 71.5 MB.
System memory in use after: 71.6 MB.

Unloading 7 unused Assets to reduce memory usage. Loaded Objects now: 1943.
Total: 4.418100 ms (FindLiveObjects: 0.380200 ms CreateObjectMapping: 0.096200 ms MarkObjects: 3.804500 ms  DeleteObjects: 0.134000 ms)

========================================================================
Received Prepare
Registering precompiled user dll's ...
Registered in 0.002174 seconds.
Begin MonoManager ReloadAssembly
Native extension for WindowsStandalone target not found
Native extension for WebGL target not found
Refreshing native plugins compatible for Editor in 0.50 ms, found 0 plugins.
Preloading 0 native plugins for Editor in 0.00 ms.
Invoked RoslynAnalysisRunner static constructor.
RoslynAnalysisRunner will not be running.
RoslynAnalysisRunner has terminated.
Mono: successfully reloaded assembly
- Completed reload, in  1.325 seconds
Platform modules already initialized, skipping
Refreshing native plugins compatible for Editor in 0.47 ms, found 0 plugins.
Preloading 0 native plugins for Editor in 0.00 ms.
Unloading 1462 Unused Serialized files (Serialized files now loaded: 0)
System memory in use before: 71.5 MB.
System memory in use after: 71.6 MB.

Unloading 7 unused Assets to reduce memory usage. Loaded Objects now: 1946.
Total: 4.261400 ms (FindLiveObjects: 0.362700 ms CreateObjectMapping: 0.087800 ms MarkObjects: 3.700500 ms  DeleteObjects: 0.107900 ms)

========================================================================
Received Import Request.
  Time since last request: 169.482922 seconds.
  path: Assets/Monster/Idle.anim
  artifactKey: Guid(86a4e2f32638c4c4ab3369fd06e66489) Importer(815301076,1909f56bfc062723c751e8b465ee728b)
Start importing Assets/Monster/Idle.anim using Guid(86a4e2f32638c4c4ab3369fd06e66489) Importer(815301076,1909f56bfc062723c751e8b465ee728b)  -> (artifact id: '3d0fdd5ab09f1774d409749e85ef8aec') in 0.038648 seconds
  Import took 0.047837 seconds .

========================================================================
Received Import Request.
  Time since last request: 1.063692 seconds.
  path: Assets/Monster/Extend.anim
  artifactKey: Guid(37d1fc473115f8e489f0590b8608733f) Importer(815301076,1909f56bfc062723c751e8b465ee728b)
Start importing Assets/Monster/Extend.anim using Guid(37d1fc473115f8e489f0590b8608733f) Importer(815301076,1909f56bfc062723c751e8b465ee728b)  -> (artifact id: '5255195924ab7ed8474914c341c0d4a5') in 0.022795 seconds
  Import took 0.068397 seconds .

========================================================================
Received Prepare
Registering precompiled user dll's ...
Registered in 0.001616 seconds.
Begin MonoManager ReloadAssembly
Native extension for WindowsStandalone target not found
Native extension for WebGL target not found
Refreshing native plugins compatible for Editor in 0.49 ms, found 0 plugins.
Preloading 0 native plugins for Editor in 0.00 ms.
Invoked RoslynAnalysisRunner static constructor.
RoslynAnalysisRunner will not be running.
RoslynAnalysisRunner has terminated.
Mono: successfully reloaded assembly
- Completed reload, in  1.430 seconds
Platform modules already initialized, skipping
Refreshing native plugins compatible for Editor in 0.61 ms, found 0 plugins.
Preloading 0 native plugins for Editor in 0.00 ms.
Unloading 1462 Unused Serialized files (Serialized files now loaded: 0)
System memory in use before: 71.5 MB.
System memory in use after: 71.6 MB.

Unloading 7 unused Assets to reduce memory usage. Loaded Objects now: 1949.
Total: 3.741200 ms (FindLiveObjects: 0.300600 ms CreateObjectMapping: 0.086300 ms MarkObjects: 3.270200 ms  DeleteObjects: 0.081600 ms)

========================================================================
Received Prepare
Registering precompiled user dll's ...
Registered in 0.002198 seconds.
Begin MonoManager ReloadAssembly
Native extension for WindowsStandalone target not found
Native extension for WebGL target not found
Refreshing native plugins compatible for Editor in 0.48 ms, found 0 plugins.
Preloading 0 native plugins for Editor in 0.00 ms.
Invoked RoslynAnalysisRunner static constructor.
RoslynAnalysisRunner will not be running.
RoslynAnalysisRunner has terminated.
Mono: successfully reloaded assembly
- Completed reload, in  1.714 seconds
Platform modules already initialized, skipping
Refreshing native plugins compatible for Editor in 0.91 ms, found 0 plugins.
Preloading 0 native plugins for Editor in 0.00 ms.
Unloading 1462 Unused Serialized files (Serialized files now loaded: 0)
System memory in use before: 71.5 MB.
System memory in use after: 71.6 MB.

Unloading 7 unused Assets to reduce memory usage. Loaded Objects now: 1952.
Total: 3.211700 ms (FindLiveObjects: 0.324600 ms CreateObjectMapping: 0.234700 ms MarkObjects: 2.557500 ms  DeleteObjects: 0.092800 ms)

========================================================================
Received Import Request.
  Time since last request: 211.460813 seconds.
  path: Assets/Monster/UI
  artifactKey: Guid(d42a7b8eb886064449d06a213f0b5491) Importer(815301076,1909f56bfc062723c751e8b465ee728b)
Start importing Assets/Monster/UI using Guid(d42a7b8eb886064449d06a213f0b5491) Importer(815301076,1909f56bfc062723c751e8b465ee728b)  -> (artifact id: '7179f2559d33081530ab32186cb47600') in 0.028370 seconds
  Import took 0.070317 seconds .

========================================================================
Received Import Request.
  Time since last request: 44.519546 seconds.
  path: Assets/3D_Models/Monsters/Crab/Idle.anim
  artifactKey: Guid(60d87f86f80c13a478e1a8d024fb504f) Importer(815301076,1909f56bfc062723c751e8b465ee728b)
Start importing Assets/3D_Models/Monsters/Crab/Idle.anim using Guid(60d87f86f80c13a478e1a8d024fb504f) Importer(815301076,1909f56bfc062723c751e8b465ee728b)  -> (artifact id: '3f5ea288a8abb5af4550d8f3516165cc') in 0.032680 seconds
  Import took 0.076481 seconds .

========================================================================
Received Import Request.
  Time since last request: 1.133358 seconds.
  path: Assets/3D_Models/Monsters/Crab/Walk.anim
  artifactKey: Guid(51d834e0b76b99d479e6383f83dfd500) Importer(815301076,1909f56bfc062723c751e8b465ee728b)
Start importing Assets/3D_Models/Monsters/Crab/Walk.anim using Guid(51d834e0b76b99d479e6383f83dfd500) Importer(815301076,1909f56bfc062723c751e8b465ee728b)  -> (artifact id: 'ec524832f8f361e00f57cf72511cc11f') in 0.020497 seconds
  Import took 0.064734 seconds .

========================================================================
Received Import Request.
  Time since last request: 3.903039 seconds.
  path: Assets/3D_Models/Monsters/Cthulhu/Flying.anim
  artifactKey: Guid(f24ba6ae3f9e3194f9c666561ef6d233) Importer(815301076,1909f56bfc062723c751e8b465ee728b)
Start importing Assets/3D_Models/Monsters/Cthulhu/Flying.anim using Guid(f24ba6ae3f9e3194f9c666561ef6d233) Importer(815301076,1909f56bfc062723c751e8b465ee728b)  -> (artifact id: 'dfa37fd59630b239b3db2274fd187dc7') in 0.039177 seconds
  Import took 0.083866 seconds .

========================================================================
Received Import Request.
  Time since last request: 1.951869 seconds.
  path: Assets/3D_Models/Monsters/Cthulhu/Cthulhu.controller
  artifactKey: Guid(08786525c382ba843888a4c22b1c25af) Importer(815301076,1909f56bfc062723c751e8b465ee728b)
Start importing Assets/3D_Models/Monsters/Cthulhu/Cthulhu.controller using Guid(08786525c382ba843888a4c22b1c25af) Importer(815301076,1909f56bfc062723c751e8b465ee728b)  -> (artifact id: '1d565b6fa7cb79a2f842d4dfc7b26883') in 0.027912 seconds
  Import took 0.072340 seconds .

========================================================================
Received Import Request.
  Time since last request: 9.039380 seconds.
  path: Assets/3D_Models/Monsters/Cyclops/Walk.anim
  artifactKey: Guid(601c3f79ee846ba4fb47981fe645c59f) Importer(815301076,1909f56bfc062723c751e8b465ee728b)
Start importing Assets/3D_Models/Monsters/Cyclops/Walk.anim using Guid(601c3f79ee846ba4fb47981fe645c59f) Importer(815301076,1909f56bfc062723c751e8b465ee728b)  -> (artifact id: '163cc68c492d38aca74ab044eaaec8bd') in 0.013791 seconds
  Import took 0.020699 seconds .

========================================================================
Received Import Request.
  Time since last request: 1.594397 seconds.
  path: Assets/3D_Models/Monsters/Cyclops/Idle.anim
  artifactKey: Guid(ad8d5169e95b6944cb7b0e4ff60d4d8e) Importer(815301076,1909f56bfc062723c751e8b465ee728b)
Start importing Assets/3D_Models/Monsters/Cyclops/Idle.anim using Guid(ad8d5169e95b6944cb7b0e4ff60d4d8e) Importer(815301076,1909f56bfc062723c751e8b465ee728b)  -> (artifact id: 'bcdf842a6df366ba6dff87c086009ac1') in 0.035072 seconds
  Import took 0.041526 seconds .

========================================================================
Received Import Request.
  Time since last request: 3.108500 seconds.
  path: Assets/3D_Models/Monsters/Deer/Walk.anim
  artifactKey: Guid(e1082355d9a72bb4c8c83e6b35869699) Importer(815301076,1909f56bfc062723c751e8b465ee728b)
Start importing Assets/3D_Models/Monsters/Deer/Walk.anim using Guid(e1082355d9a72bb4c8c83e6b35869699) Importer(815301076,1909f56bfc062723c751e8b465ee728b)  -> (artifact id: '37c586469900f9032422aef68cabf8c0') in 0.013404 seconds
  Import took 0.057168 seconds .

========================================================================
Received Import Request.
  Time since last request: 0.003380 seconds.
  path: Assets/3D_Models/Monsters/Deer/Walk.anim
  artifactKey: Guid(e1082355d9a72bb4c8c83e6b35869699) Importer(815301076,1909f56bfc062723c751e8b465ee728b)
Start importing Assets/3D_Models/Monsters/Deer/Walk.anim using Guid(e1082355d9a72bb4c8c83e6b35869699) Importer(815301076,1909f56bfc062723c751e8b465ee728b)  -> (artifact id: '37c586469900f9032422aef68cabf8c0') in 0.010468 seconds
  Import took 0.017384 seconds .

========================================================================
Received Import Request.
  Time since last request: 0.742486 seconds.
  path: Assets/3D_Models/Monsters/Deer/Idle.anim
  artifactKey: Guid(af9ca1f59eccae24fb712868a1914016) Importer(815301076,1909f56bfc062723c751e8b465ee728b)
Start importing Assets/3D_Models/Monsters/Deer/Idle.anim using Guid(af9ca1f59eccae24fb712868a1914016) Importer(815301076,1909f56bfc062723c751e8b465ee728b)  -> (artifact id: '1a0a3db3c8829262ba2c2dc28800966c') in 0.012347 seconds
  Import took 0.019725 seconds .

========================================================================
Received Import Request.
  Time since last request: 3.339003 seconds.
  path: Assets/3D_Models/Monsters/Demon/Walk.anim
  artifactKey: Guid(ac80f118f9b6794449b5c22466cefeee) Importer(815301076,1909f56bfc062723c751e8b465ee728b)
Start importing Assets/3D_Models/Monsters/Demon/Walk.anim using Guid(ac80f118f9b6794449b5c22466cefeee) Importer(815301076,1909f56bfc062723c751e8b465ee728b)  -> (artifact id: '54b8b0ee769a0fbea1a0981603fea4ce') in 0.018946 seconds
  Import took 0.063611 seconds .

========================================================================
Received Import Request.
  Time since last request: 0.002992 seconds.
  path: Assets/3D_Models/Monsters/Demon/Walk.anim
  artifactKey: Guid(ac80f118f9b6794449b5c22466cefeee) Importer(815301076,1909f56bfc062723c751e8b465ee728b)
Start importing Assets/3D_Models/Monsters/Demon/Walk.anim using Guid(ac80f118f9b6794449b5c22466cefeee) Importer(815301076,1909f56bfc062723c751e8b465ee728b)  -> (artifact id: '54b8b0ee769a0fbea1a0981603fea4ce') in 0.011184 seconds
  Import took 0.019951 seconds .

========================================================================
Received Import Request.
  Time since last request: 0.737304 seconds.
  path: Assets/3D_Models/Monsters/Demon/Idle.anim
  artifactKey: Guid(3603796824f655b4799f3506f82b4215) Importer(815301076,1909f56bfc062723c751e8b465ee728b)
Start importing Assets/3D_Models/Monsters/Demon/Idle.anim using Guid(3603796824f655b4799f3506f82b4215) Importer(815301076,1909f56bfc062723c751e8b465ee728b)  -> (artifact id: '43da7ef4957c7d42801ce0251f11f38c') in 0.013112 seconds
  Import took 0.058155 seconds .

========================================================================
Received Prepare
Registering precompiled user dll's ...
Registered in 0.003328 seconds.
Begin MonoManager ReloadAssembly
Native extension for WindowsStandalone target not found
Native extension for WebGL target not found
Refreshing native plugins compatible for Editor in 0.50 ms, found 0 plugins.
Preloading 0 native plugins for Editor in 0.00 ms.
Invoked RoslynAnalysisRunner static constructor.
RoslynAnalysisRunner will not be running.
Temp/RoslynAnalysisRunner has been deleted.
RoslynAnalysisRunner has terminated.
Mono: successfully reloaded assembly
- Completed reload, in  1.403 seconds
Platform modules already initialized, skipping
Refreshing native plugins compatible for Editor in 0.47 ms, found 0 plugins.
Preloading 0 native plugins for Editor in 0.00 ms.
Unloading 1462 Unused Serialized files (Serialized files now loaded: 0)
System memory in use before: 71.6 MB.
System memory in use after: 71.6 MB.

Unloading 7 unused Assets to reduce memory usage. Loaded Objects now: 1955.
Total: 3.327700 ms (FindLiveObjects: 0.350500 ms CreateObjectMapping: 0.089500 ms MarkObjects: 2.804800 ms  DeleteObjects: 0.080700 ms)

========================================================================
Received Import Request.
  Time since last request: 63.853078 seconds.
  path: Assets/VFX/Cartoon FX/CFX Prefabs/Electric
  artifactKey: Guid(715add6d7a2eff443bf0aee3cf26e7fc) Importer(815301076,1909f56bfc062723c751e8b465ee728b)
Start importing Assets/VFX/Cartoon FX/CFX Prefabs/Electric using Guid(715add6d7a2eff443bf0aee3cf26e7fc) Importer(815301076,1909f56bfc062723c751e8b465ee728b)  -> (artifact id: 'bbdbe0c1c8277a7e8db15e5418a6a2a1') in 0.014928 seconds
  Import took 0.020269 seconds .

========================================================================
Received Import Request.
  Time since last request: 2.620390 seconds.
  path: Assets/VFX/Cartoon FX/CFX Prefabs/Electric/CFX_ElectricityBall.prefab
  artifactKey: Guid(77ec3c4e07a36814fb3169ecef41b50a) Importer(815301076,1909f56bfc062723c751e8b465ee728b)
Start importing Assets/VFX/Cartoon FX/CFX Prefabs/Electric/CFX_ElectricityBall.prefab using Guid(77ec3c4e07a36814fb3169ecef41b50a) Importer(815301076,1909f56bfc062723c751e8b465ee728b)  -> (artifact id: '2794e7c8705466e2eb6df4737732eb82') in 0.069170 seconds
  Import took 0.074963 seconds .

========================================================================
Received Import Request.
  Time since last request: 1.595860 seconds.
  path: Assets/VFX/Cartoon FX/Materials/Animated/CFX_Anim_Electricity_Add.mat
  artifactKey: Guid(fcb97c6faf083ca4f978210036f3832b) Importer(815301076,1909f56bfc062723c751e8b465ee728b)
Start importing Assets/VFX/Cartoon FX/Materials/Animated/CFX_Anim_Electricity_Add.mat using Guid(fcb97c6faf083ca4f978210036f3832b) Importer(815301076,1909f56bfc062723c751e8b465ee728b)  -> (artifact id: 'c722e380e4e4196dd54816fc25454dd2') in 0.188175 seconds
  Import took 0.194166 seconds .

AssetImportWorkerClient::OnTransportError - code=2 error=End of file
